<?xml version="1.0" encoding="UTF-8"?>
<!-- Generated by org.testng.reporters.JUnitXMLReporter -->
<testsuite ignored="2" hostname="ITCRLPT475" failures="0" tests="2" name="CSATTest" time="117.224" errors="0" timestamp="2025-07-10T17:22:26 IST">
  <testcase classname="CSAT_Survey.CSAT_SurveyTest" name="csat_Ui_Test" time="55.363"/>
  <testcase classname="CSAT_Survey.CSAT_ProjectSurveyTest" name="csat_ProjectUI_Test" time="21.209"/>
  <testcase classname="Utility.CSAT_TestInitializer" name="@BeforeTest setup" time="0.0">
    <ignored/>
  </testcase> <!-- @BeforeTest setup -->
  <testcase classname="Utility.CSAT_TestInitializer" name="@AfterTest tearDown" time="0.0">
    <ignored/>
  </testcase> <!-- @AfterTest tearDown -->
</testsuite> <!-- CSATTest -->
