<?xml version="1.0" encoding="UTF-8"?>
<!-- Generated by org.testng.reporters.JUnitXMLReporter -->
<testsuite ignored="0" hostname="ITCRLPT475" failures="0" tests="2" name="Default test" time="330.074" errors="0" timestamp="2025-08-22T16:56:21 IST">
  <testcase classname="CSAT_Survey_Module.CSAT_ClientModuleTest" name="clients_module" time="132.098"/>
  <testcase classname="CSAT_Survey_Module.CSAT_ClientModuleTest" name="sendSurveyTo_Client" time="165.727"/>
</testsuite> <!-- Default test -->
