<?xml version="1.0" encoding="UTF-8"?>
<!-- Generated by org.testng.reporters.JUnitXMLReporter -->
<testsuite ignored="0" hostname="ITCRLPT475" failures="0" tests="2" name="Default test" time="338.746" errors="0" timestamp="2025-08-22T15:33:24 IST">
  <testcase classname="CSAT_Survey_Module.CSAT_ClientModuleTest" name="clients_module" time="136.119"/>
  <testcase classname="CSAT_Survey_Module.CSAT_ClientModuleTest" name="sendSurveyTo_Client" time="157.562"/>
</testsuite> <!-- Default test -->
