<?xml version="1.0" encoding="UTF-8"?>
<!-- Generated by org.testng.reporters.JUnitXMLReporter -->
<testsuite ignored="8" hostname="ITCRLPT475" failures="0" tests="5" name="CSAT_Project_Test" time="1197.721" errors="0" timestamp="2025-08-29T09:53:54 IST">
  <testcase classname="CSAT_Project.CSAT_SurveyUITest" name="csat_Ui_Test" time="67.39"/>
  <testcase classname="CSAT_Project.CSAT_ProjectFiltersTest" name="csat_ProjectUI_Test" time="94.088"/>
  <testcase classname="CSAT_Project.CSAT_Project_NewProjectTest" name="csat_NewProject_Test" time="329.617"/>
  <testcase classname="CSAT_Project.CSAT_SendSurvey" name="csat_SendSurvey_Test" time="385.854"/>
  <testcase classname="CSAT_Project.CSAT_RuddrProjectsTest" name="csat_RuddrProjects_Test" time="279.651"/>
  <testcase classname="Utility.CSAT_TestInitializer" name="@BeforeTest setup" time="0.0">
    <ignored/>
  </testcase> <!-- @BeforeTest setup -->
  <testcase classname="Utility.CSAT_TestInitializer" name="@BeforeTest setup" time="0.0">
    <ignored/>
  </testcase> <!-- @BeforeTest setup -->
  <testcase classname="Utility.CSAT_TestInitializer" name="@BeforeTest setup" time="0.0">
    <ignored/>
  </testcase> <!-- @BeforeTest setup -->
  <testcase classname="Utility.CSAT_TestInitializer" name="@BeforeTest setup" time="0.0">
    <ignored/>
  </testcase> <!-- @BeforeTest setup -->
  <testcase classname="Utility.CSAT_TestInitializer" name="@AfterTest tearDown" time="0.0">
    <ignored/>
  </testcase> <!-- @AfterTest tearDown -->
  <testcase classname="Utility.CSAT_TestInitializer" name="@AfterTest tearDown" time="0.0">
    <ignored/>
  </testcase> <!-- @AfterTest tearDown -->
  <testcase classname="Utility.CSAT_TestInitializer" name="@AfterTest tearDown" time="0.0">
    <ignored/>
  </testcase> <!-- @AfterTest tearDown -->
  <testcase classname="Utility.CSAT_TestInitializer" name="@AfterTest tearDown" time="0.0">
    <ignored/>
  </testcase> <!-- @AfterTest tearDown -->
</testsuite> <!-- CSAT_Project_Test -->
