<?xml version="1.0" encoding="UTF-8"?>
<!-- Generated by org.testng.reporters.JUnitXMLReporter -->
<testsuite ignored="4" hostname="ITCRLPT475" failures="0" tests="3" name="CSAT_Project_Test" time="465.47" errors="0" timestamp="2025-08-22T16:01:56 IST">
  <testcase classname="CSAT_Project.CSAT_SurveyUITest" name="csat_Ui_Test" time="69.753"/>
  <testcase classname="CSAT_Project.CSAT_ProjectFiltersTest" name="csat_ProjectUI_Test" time="93.444"/>
  <testcase classname="CSAT_Project.CSAT_Project_NewProjectTest" name="csat_NewProject_Test" time="269.89"/>
  <testcase classname="Utility.CSAT_TestInitializer" name="@BeforeTest setup" time="0.0">
    <ignored/>
  </testcase> <!-- @BeforeTest setup -->
  <testcase classname="Utility.CSAT_TestInitializer" name="@AfterTest tearDown" time="0.0">
    <ignored/>
  </testcase> <!-- @AfterTest tearDown -->
  <testcase classname="Utility.CSAT_TestInitializer" name="@BeforeTest setup" time="0.0">
    <ignored/>
  </testcase> <!-- @BeforeTest setup -->
  <testcase classname="Utility.CSAT_TestInitializer" name="@AfterTest tearDown" time="0.0">
    <ignored/>
  </testcase> <!-- @AfterTest tearDown -->
</testsuite> <!-- CSAT_Project_Test -->
