<?xml version="1.0" encoding="UTF-8"?>
<!-- Generated by org.testng.reporters.JUnitXMLReporter -->
<testsuite ignored="6" hostname="ITCRLPT475" failures="0" tests="4" name="CSAT_Other_Test" time="344.12" errors="0" timestamp="2025-07-28T17:05:08 IST">
  <testcase classname="CSAT_RolesAndProfile_Module.CSAT_ProfileTest" name="profilePageTest" time="4.105"/>
  <testcase classname="CSAT_RolesAndProfile_Module.CSAT_RolesTest" name="rolesPageTest" time="5.151"/>
  <testcase classname="CSAT_ReportsAndSettings_Module.CSAT_ReportsTest" name="reportsPageTest" time="179.413"/>
  <testcase classname="CSAT_ReportsAndSettings_Module.CSAT_Settings_OrgMembersTest" name="orgMemebersTest" time="54.871"/>
  <testcase classname="Utility.CSAT_TestInitializer" name="@AfterTest tearDown" time="0.0">
    <ignored/>
  </testcase> <!-- @AfterTest tearDown -->
  <testcase classname="Utility.CSAT_TestInitializer" name="@BeforeTest setup" time="0.0">
    <ignored/>
  </testcase> <!-- @BeforeTest setup -->
  <testcase classname="Utility.CSAT_TestInitializer" name="@BeforeTest setup" time="0.0">
    <ignored/>
  </testcase> <!-- @BeforeTest setup -->
  <testcase classname="Utility.CSAT_TestInitializer" name="@BeforeTest setup" time="0.0">
    <ignored/>
  </testcase> <!-- @BeforeTest setup -->
  <testcase classname="Utility.CSAT_TestInitializer" name="@AfterTest tearDown" time="0.0">
    <ignored/>
  </testcase> <!-- @AfterTest tearDown -->
  <testcase classname="Utility.CSAT_TestInitializer" name="@AfterTest tearDown" time="0.0">
    <ignored/>
  </testcase> <!-- @AfterTest tearDown -->
</testsuite> <!-- CSAT_Other_Test -->
