<?xml version="1.0" encoding="UTF-8"?>
<!-- Generated by org.testng.reporters.JUnitXMLReporter -->
<testsuite ignored="0" hostname="ITCRLPT475" failures="1" tests="1" name="Test" time="368.694" errors="0" timestamp="2025-07-09T12:48:32 IST">
  <testcase classname="ChatBotTest.ChatBotPageTest" name="chatBotTest" time="355.897">
    <failure type="java.lang.AssertionError" message="The following asserts failed:
	did not expect [4] but found [4]">
      <![CDATA[java.lang.AssertionError: The following asserts failed:
did not expect [4] but found [4]
at Utility.ValidatingAssertions.assertAllFunction(ValidatingAssertions.java:75)
at ChatBotTest.ChatBotPageTest.chatBotTest(ChatBotPageTest.java:509)
at java.base/java.util.ArrayList.forEach(ArrayList.java:1597)
... Removed 27 stack frames]]>
    </failure>
  </testcase> <!-- chatBotTest -->
</testsuite> <!-- Test -->
