<?xml version="1.0" encoding="UTF-8"?>
<!-- Generated by org.testng.reporters.JUnitXMLReporter -->
<testsuite ignored="3" hostname="ITCRLPT475" failures="0" tests="4" name="IntelliServe_Test" time="469.148" errors="0" timestamp="2025-10-01T15:43:32 IST">
  <testcase classname="IntelliServe_Project.IntelliServe_Page_UI_Test" name="IntelliServe__UI_Test" time="11.135"/>
  <testcase classname="IntelliServe_Project.IntelliServe_Page_UI_Test" name="verifyRoleBasedPages" time="213.575"/>
  <testcase classname="IntelliServe_Project.IntelliServe_Approver_MemeberTest" name="approver_Role_Test" time="151.625"/>
  <testcase classname="IntelliServe_Project.IntelliServe_Approver_MemeberTest" name="member_Role_Test" time="56.145"/>
  <testcase classname="BaseClasses.IntelliServe_TestInitializer" name="@AfterTest tearDown" time="0.0">
    <ignored/>
  </testcase> <!-- @AfterTest tearDown -->
  <testcase classname="BaseClasses.IntelliServe_TestInitializer" name="@BeforeTest setup" time="0.0">
    <ignored/>
  </testcase> <!-- @BeforeTest setup -->
  <testcase classname="IntelliServe_Project.IntelliServe_Page_UI_Test" name="IntelliServe__Signout_Test" time="0.0">
    <ignored/>
  </testcase> <!-- IntelliServe__Signout_Test -->
</testsuite> <!-- IntelliServe_Test -->
