<?xml version="1.0" encoding="UTF-8"?>
<!-- Generated by org.testng.reporters.JUnitXMLReporter -->
<testsuite ignored="5" hostname="ITCRLPT475" failures="1" tests="5" name="IntelliServe_Test" time="572.856" errors="0" timestamp="2025-11-28T12:05:39 IST">
  <testcase classname="IntelliServe_Project.IntelliServe_Page_UI_Test" name="IntelliServe__UI_Test" time="12.991"/>
  <testcase classname="IntelliServe_Project.IntelliServe_Page_UI_Test" name="verifyRoleBasedPages" time="265.156"/>
  <testcase classname="IntelliServe_Project.IntelliServe_Approver_MemberTest" name="approver_Role_Test" time="159.287"/>
  <testcase classname="IntelliServe_Project.IntelliServe_Approver_MemberTest" name="member_Role_Test" time="64.402"/>
  <testcase classname="IntelliServe_Project.IntelliServe_CreateTicket_Test" name="createTicketTest" time="32.303">
    <failure type="java.lang.IllegalArgumentException" message="Driver must be set">
      <![CDATA[java.lang.IllegalArgumentException: Driver must be set
at org.openqa.selenium.internal.Require.nonNull(Require.java:63)
at org.openqa.selenium.interactions.Actions.<init>(Actions.java:67)
at org.openqa.selenium.interactions.Actions.<init>(Actions.java:63)
at IntelliServe_Project.IntelliServe_CreateTicket_Test.createTicketTest(IntelliServe_CreateTicket_Test.java:81)
at java.base/java.util.ArrayList.forEach(ArrayList.java:1597)
... Removed 25 stack frames]]>
    </failure>
  </testcase> <!-- createTicketTest -->
  <testcase classname="BaseClasses.IntelliServe_TestInitializer" name="@AfterTest tearDown" time="0.0">
    <ignored/>
  </testcase> <!-- @AfterTest tearDown -->
  <testcase classname="BaseClasses.IntelliServe_TestInitializer" name="@AfterTest tearDown" time="0.0">
    <ignored/>
  </testcase> <!-- @AfterTest tearDown -->
  <testcase classname="BaseClasses.IntelliServe_TestInitializer" name="@BeforeTest setup" time="0.0">
    <ignored/>
  </testcase> <!-- @BeforeTest setup -->
  <testcase classname="IntelliServe_Project.IntelliServe_Page_UI_Test" name="IntelliServe__Signout_Test" time="0.0">
    <ignored/>
  </testcase> <!-- IntelliServe__Signout_Test -->
  <testcase classname="BaseClasses.IntelliServe_TestInitializer" name="@BeforeTest setup" time="0.0">
    <ignored/>
  </testcase> <!-- @BeforeTest setup -->
</testsuite> <!-- IntelliServe_Test -->
