<?xml version="1.0" encoding="UTF-8"?>
<!-- Generated by org.testng.reporters.JUnitXMLReporter -->
<testsuite ignored="6" hostname="ITCRLPT475" failures="0" tests="7" name="CSATSurvey_Test" time="1430.745" errors="0" timestamp="2025-08-28T16:48:00 IST">
  <testcase classname="CSAT_Survey_Module.CSAT_SurveyModuleUITest" name="surveyModule_UI_Test" time="68.021"/>
  <testcase classname="CSAT_Survey_Module.CSAT_AddSurveyTypeTest" name="addSurveyType_Test" time="100.152"/>
  <testcase classname="CSAT_Survey_Module.CSAT_AddNewSurveyTest" name="addNewSurvey_Test" time="407.565"/>
  <testcase classname="CSAT_Survey_Module.CSAT_AddNewSurveyTest" name="updateExistingSurvey_Test" time="530.31"/>
  <testcase classname="CSAT_Survey_Module.CSAT_AddNewSurveyTest" name="deleteExistingSurvey_Test" time="21.263"/>
  <testcase classname="CSAT_Survey_Module.CSAT_ClientModuleTest" name="clients_module" time="127.57"/>
  <testcase classname="CSAT_Survey_Module.CSAT_ClientModuleTest" name="sendSurveyTo_Client" time="145.966"/>
  <testcase classname="Utility.CSAT_TestInitializer" name="@BeforeTest setup" time="0.0">
    <ignored/>
  </testcase> <!-- @BeforeTest setup -->
  <testcase classname="Utility.CSAT_TestInitializer" name="@BeforeTest setup" time="0.0">
    <ignored/>
  </testcase> <!-- @BeforeTest setup -->
  <testcase classname="Utility.CSAT_TestInitializer" name="@AfterTest tearDown" time="0.0">
    <ignored/>
  </testcase> <!-- @AfterTest tearDown -->
  <testcase classname="Utility.CSAT_TestInitializer" name="@BeforeTest setup" time="0.0">
    <ignored/>
  </testcase> <!-- @BeforeTest setup -->
  <testcase classname="Utility.CSAT_TestInitializer" name="@AfterTest tearDown" time="0.0">
    <ignored/>
  </testcase> <!-- @AfterTest tearDown -->
  <testcase classname="Utility.CSAT_TestInitializer" name="@AfterTest tearDown" time="0.0">
    <ignored/>
  </testcase> <!-- @AfterTest tearDown -->
</testsuite> <!-- CSATSurvey_Test -->
