<?xml version="1.0" encoding="UTF-8"?>
<!-- Generated by org.testng.reporters.JUnitXMLReporter -->
<testsuite ignored="2" hostname="ITCRLPT475" failures="0" tests="2" name="CSATSurveyTest" time="162.954" errors="0" timestamp="2025-07-23T08:40:24 IST">
  <testcase classname="CSAT_Survey_Module.CSAT_SurveyModuleUITest" name="surveyModule_UI_Test" time="63.464"/>
  <testcase classname="CSAT_Survey_Module.CSAT_AddSurveyTypeTest" name="addSurveyType_Test" time="61.184"/>
  <testcase classname="Utility.CSAT_TestInitializer" name="@BeforeTest setup" time="0.0">
    <ignored/>
  </testcase> <!-- @BeforeTest setup -->
  <testcase classname="Utility.CSAT_TestInitializer" name="@AfterTest tearDown" time="0.0">
    <ignored/>
  </testcase> <!-- @AfterTest tearDown -->
</testsuite> <!-- CSATSurveyTest -->
