<?xml version="1.0" encoding="UTF-8"?>
<!-- Generated by org.testng.reporters.JUnitXMLReporter -->
<testsuite ignored="8" hostname="ITCRLPT475" failures="0" tests="5" name="CSAT_Other_Test" time="478.208" errors="0" timestamp="2025-07-29T12:25:27 IST">
  <testcase classname="CSAT_RolesAndProfile_Module.CSAT_ProfileTest" name="profilePageTest" time="4.121"/>
  <testcase classname="CSAT_RolesAndProfile_Module.CSAT_RolesTest" name="rolesPageTest" time="5.372"/>
  <testcase classname="CSAT_ReportsAndSettings_Module.CSAT_ReportsTest" name="reportsPageTest" time="178.659"/>
  <testcase classname="CSAT_ReportsAndSettings_Module.CSAT_Settings_OrgMembersTest" name="orgMemebersTest" time="125.968"/>
  <testcase classname="CSAT_ReportsAndSettings_Module.CSAT_Settings_TeamsTest" name="teamsTest" time="113.261"/>
  <testcase classname="Utility.CSAT_TestInitializer" name="@BeforeTest setup" time="0.0">
    <ignored/>
  </testcase> <!-- @BeforeTest setup -->
  <testcase classname="Utility.CSAT_TestInitializer" name="@BeforeTest setup" time="0.0">
    <ignored/>
  </testcase> <!-- @BeforeTest setup -->
  <testcase classname="Utility.CSAT_TestInitializer" name="@AfterTest tearDown" time="0.0">
    <ignored/>
  </testcase> <!-- @AfterTest tearDown -->
  <testcase classname="Utility.CSAT_TestInitializer" name="@AfterTest tearDown" time="0.0">
    <ignored/>
  </testcase> <!-- @AfterTest tearDown -->
  <testcase classname="Utility.CSAT_TestInitializer" name="@AfterTest tearDown" time="0.0">
    <ignored/>
  </testcase> <!-- @AfterTest tearDown -->
  <testcase classname="Utility.CSAT_TestInitializer" name="@BeforeTest setup" time="0.0">
    <ignored/>
  </testcase> <!-- @BeforeTest setup -->
  <testcase classname="Utility.CSAT_TestInitializer" name="@BeforeTest setup" time="0.0">
    <ignored/>
  </testcase> <!-- @BeforeTest setup -->
  <testcase classname="Utility.CSAT_TestInitializer" name="@AfterTest tearDown" time="0.0">
    <ignored/>
  </testcase> <!-- @AfterTest tearDown -->
</testsuite> <!-- CSAT_Other_Test -->
