<?xml version="1.0" encoding="UTF-8"?>
<!-- Generated by org.testng.reporters.JUnitXMLReporter -->
<testsuite ignored="24" hostname="ITCRLPT475" failures="1" tests="15" name="CSAT_Master_Test" time="2493.768" errors="0" timestamp="2025-07-29T15:22:55 IST">
  <testcase classname="CSAT_Project.CSAT_SurveyUITest" name="csat_Ui_Test" time="60.3"/>
  <testcase classname="CSAT_Survey_Module.CSAT_SurveyModuleUITest" name="surveyModule_UI_Test" time="72.011"/>
  <testcase classname="CSAT_Survey_Module.CSAT_AddSurveyTypeTest" name="addSurveyType_Test" time="102.544"/>
  <testcase classname="CSAT_Survey_Module.CSAT_AddNewSurveyTest" name="addNewSurvey_Test" time="356.684"/>
  <testcase classname="CSAT_Survey_Module.CSAT_AddNewSurveyTest" name="updateExistingSurvey_Test" time="366.95"/>
  <testcase classname="CSAT_Survey_Module.CSAT_AddNewSurveyTest" name="deleteExistingSurvey_Test" time="21.127"/>
  <testcase classname="CSAT_Project.CSAT_ProjectFiltersTest" name="csat_ProjectUI_Test" time="154.641"/>
  <testcase classname="CSAT_Project.CSAT_Project_NewProjectTest" name="csat_NewProject_Test" time="353.627"/>
  <testcase classname="CSAT_Project.CSAT_SendSurvey" name="csat_SendSurvey_Test" time="391.093"/>
  <testcase classname="CSAT_Project.CSAT_RuddrProjectsTest" name="csat_RuddrProjects_Test" time="251.268"/>
  <testcase classname="CSAT_RolesAndProfile_Module.CSAT_ProfileTest" name="profilePageTest" time="3.869"/>
  <testcase classname="CSAT_RolesAndProfile_Module.CSAT_RolesTest" name="rolesPageTest" time="4.668"/>
  <testcase classname="CSAT_ReportsAndSettings_Module.CSAT_ReportsTest" name="reportsPageTest" time="155.624"/>
  <testcase classname="CSAT_ReportsAndSettings_Module.CSAT_Settings_OrgMembersTest" name="orgMemebersTest" time="63.576"/>
  <testcase classname="CSAT_ReportsAndSettings_Module.CSAT_Settings_TeamsTest" name="teamsTest" time="106.105">
    <failure type="java.lang.NullPointerException" message="Cannot invoke &amp;quot;org.openqa.selenium.WebDriver.getCurrentUrl()&amp;quot; because &amp;quot;this.driver&amp;quot; is null">
      <![CDATA[java.lang.NullPointerException: Cannot invoke "org.openqa.selenium.WebDriver.getCurrentUrl()" because "this.driver" is null
at CSAT_ReportsAndSettings_Module.CSAT_Settings_TeamsTest.teamsTest(CSAT_Settings_TeamsTest.java:250)
at java.base/java.util.ArrayList.forEach(ArrayList.java:1597)
... Removed 25 stack frames]]>
    </failure>
  </testcase> <!-- teamsTest -->
  <testcase classname="Utility.CSAT_TestInitializer" name="@BeforeTest setup" time="0.0">
    <ignored/>
  </testcase> <!-- @BeforeTest setup -->
  <testcase classname="Utility.CSAT_TestInitializer" name="@BeforeTest setup" time="0.0">
    <ignored/>
  </testcase> <!-- @BeforeTest setup -->
  <testcase classname="Utility.CSAT_TestInitializer" name="@BeforeTest setup" time="0.0">
    <ignored/>
  </testcase> <!-- @BeforeTest setup -->
  <testcase classname="Utility.CSAT_TestInitializer" name="@AfterTest tearDown" time="0.0">
    <ignored/>
  </testcase> <!-- @AfterTest tearDown -->
  <testcase classname="Utility.CSAT_TestInitializer" name="@BeforeTest setup" time="0.0">
    <ignored/>
  </testcase> <!-- @BeforeTest setup -->
  <testcase classname="Utility.CSAT_TestInitializer" name="@AfterTest tearDown" time="0.0">
    <ignored/>
  </testcase> <!-- @AfterTest tearDown -->
  <testcase classname="Utility.CSAT_TestInitializer" name="@BeforeTest setup" time="0.0">
    <ignored/>
  </testcase> <!-- @BeforeTest setup -->
  <testcase classname="Utility.CSAT_TestInitializer" name="@AfterTest tearDown" time="0.0">
    <ignored/>
  </testcase> <!-- @AfterTest tearDown -->
  <testcase classname="Utility.CSAT_TestInitializer" name="@BeforeTest setup" time="0.0">
    <ignored/>
  </testcase> <!-- @BeforeTest setup -->
  <testcase classname="Utility.CSAT_TestInitializer" name="@AfterTest tearDown" time="0.0">
    <ignored/>
  </testcase> <!-- @AfterTest tearDown -->
  <testcase classname="Utility.CSAT_TestInitializer" name="@BeforeTest setup" time="0.0">
    <ignored/>
  </testcase> <!-- @BeforeTest setup -->
  <testcase classname="Utility.CSAT_TestInitializer" name="@AfterTest tearDown" time="0.0">
    <ignored/>
  </testcase> <!-- @AfterTest tearDown -->
  <testcase classname="Utility.CSAT_TestInitializer" name="@AfterTest tearDown" time="0.0">
    <ignored/>
  </testcase> <!-- @AfterTest tearDown -->
  <testcase classname="Utility.CSAT_TestInitializer" name="@AfterTest tearDown" time="0.0">
    <ignored/>
  </testcase> <!-- @AfterTest tearDown -->
  <testcase classname="Utility.CSAT_TestInitializer" name="@AfterTest tearDown" time="0.0">
    <ignored/>
  </testcase> <!-- @AfterTest tearDown -->
  <testcase classname="Utility.CSAT_TestInitializer" name="@AfterTest tearDown" time="0.0">
    <ignored/>
  </testcase> <!-- @AfterTest tearDown -->
  <testcase classname="Utility.CSAT_TestInitializer" name="@AfterTest tearDown" time="0.0">
    <ignored/>
  </testcase> <!-- @AfterTest tearDown -->
  <testcase classname="Utility.CSAT_TestInitializer" name="@BeforeTest setup" time="0.0">
    <ignored/>
  </testcase> <!-- @BeforeTest setup -->
  <testcase classname="Utility.CSAT_TestInitializer" name="@BeforeTest setup" time="0.0">
    <ignored/>
  </testcase> <!-- @BeforeTest setup -->
  <testcase classname="Utility.CSAT_TestInitializer" name="@AfterTest tearDown" time="0.0">
    <ignored/>
  </testcase> <!-- @AfterTest tearDown -->
  <testcase classname="Utility.CSAT_TestInitializer" name="@BeforeTest setup" time="0.0">
    <ignored/>
  </testcase> <!-- @BeforeTest setup -->
  <testcase classname="Utility.CSAT_TestInitializer" name="@BeforeTest setup" time="0.0">
    <ignored/>
  </testcase> <!-- @BeforeTest setup -->
  <testcase classname="Utility.CSAT_TestInitializer" name="@BeforeTest setup" time="0.0">
    <ignored/>
  </testcase> <!-- @BeforeTest setup -->
  <testcase classname="Utility.CSAT_TestInitializer" name="@AfterTest tearDown" time="0.0">
    <ignored/>
  </testcase> <!-- @AfterTest tearDown -->
</testsuite> <!-- CSAT_Master_Test -->
