<?xml version="1.0" encoding="UTF-8"?>
<!-- Generated by org.testng.reporters.JUnitXMLReporter -->
<testsuite ignored="4" hostname="ITCRLPT475" failures="0" tests="4" name="CSATSurveyTest" time="503.488" errors="0" timestamp="2025-07-24T09:23:51 IST">
  <testcase classname="CSAT_Survey_Module.CSAT_SurveyModuleUITest" name="surveyModule_UI_Test" time="68.335"/>
  <testcase classname="CSAT_Survey_Module.CSAT_AddSurveyTypeTest" name="addSurveyType_Test" time="63.749"/>
  <testcase classname="CSAT_Survey_Module.CSAT_AddNewSurveyTest" name="addNewSurvey_Test" time="330.068"/>
  <testcase classname="CSAT_Survey_Module.CSAT_AddNewSurveyTest" name="deleteExistingSurvey_Test" time="6.814"/>
  <testcase classname="Utility.CSAT_TestInitializer" name="@BeforeTest setup" time="0.0">
    <ignored/>
  </testcase> <!-- @BeforeTest setup -->
  <testcase classname="Utility.CSAT_TestInitializer" name="@AfterTest tearDown" time="0.0">
    <ignored/>
  </testcase> <!-- @AfterTest tearDown -->
  <testcase classname="Utility.CSAT_TestInitializer" name="@AfterTest tearDown" time="0.0">
    <ignored/>
  </testcase> <!-- @AfterTest tearDown -->
  <testcase classname="Utility.CSAT_TestInitializer" name="@BeforeTest setup" time="0.0">
    <ignored/>
  </testcase> <!-- @BeforeTest setup -->
</testsuite> <!-- CSATSurveyTest -->
