<?xml version="1.0" encoding="UTF-8"?>
<testng-results ignored="0" total="1" passed="1" failed="0" skipped="0">
  <reporter-output>
  </reporter-output>
  <suite started-at="2025-07-15T09:47:50 IST" name="Default suite" finished-at="2025-07-15T09:49:53 IST" duration-ms="123557">
    <groups>
    </groups>
    <test started-at="2025-07-15T09:47:50 IST" name="Default test" finished-at="2025-07-15T09:49:53 IST" duration-ms="123557">
      <class name="CSAT_Survey.CSAT_Project_NewProjectTest">
        <test-method is-config="true" signature="setup(java.lang.String)[pri:0, instance:CSAT_Survey.CSAT_Project_NewProjectTest@232a7d73]" started-at="2025-07-15T09:47:50 IST" name="setup" description="Setup and Login To Browser" finished-at="2025-07-15T09:48:19 IST" duration-ms="28848" status="PASS">
          <params>
            <param index="0">
              <value>
                <![CDATA[CsatPage.html]]>
              </value>
            </param>
          </params>
          <reporter-output>
          </reporter-output>
        </test-method> <!-- setup -->
        <test-method signature="csat_NewProject_Test()[pri:0, instance:CSAT_Survey.CSAT_Project_NewProjectTest@232a7d73]" started-at="2025-07-15T09:48:19 IST" name="csat_NewProject_Test" finished-at="2025-07-15T09:49:53 IST" duration-ms="94113" status="PASS">
          <reporter-output>
          </reporter-output>
        </test-method> <!-- csat_NewProject_Test -->
        <test-method is-config="true" signature="tearDown()[pri:0, instance:CSAT_Survey.CSAT_Project_NewProjectTest@232a7d73]" started-at="2025-07-15T09:49:53 IST" name="tearDown" description="Quit Browser" finished-at="2025-07-15T09:49:53 IST" duration-ms="543" status="PASS">
          <reporter-output>
          </reporter-output>
        </test-method> <!-- tearDown -->
      </class> <!-- CSAT_Survey.CSAT_Project_NewProjectTest -->
    </test> <!-- Default test -->
  </suite> <!-- Default suite -->
</testng-results>
