<?xml version="1.0" encoding="UTF-8"?>
<testng-results ignored="0" total="3" passed="3" failed="0" skipped="0">
  <reporter-output>
  </reporter-output>
  <suite started-at="2025-07-24T17:03:25 IST" name="Default suite" finished-at="2025-07-24T17:11:07 IST" duration-ms="461786">
    <groups>
    </groups>
    <test started-at="2025-07-24T17:03:25 IST" name="Default test" finished-at="2025-07-24T17:11:07 IST" duration-ms="461786">
      <class name="CSAT_Survey_Module.CSAT_AddNewSurveyTest">
        <test-method is-config="true" signature="setup(java.lang.String)[pri:0, instance:CSAT_Survey_Module.CSAT_AddNewSurveyTest@74960bfa]" started-at="2025-07-24T17:03:25 IST" name="setup" description="Setup and Login To Browser" finished-at="2025-07-24T17:04:01 IST" duration-ms="36257" status="PASS">
          <params>
            <param index="0">
              <value>
                <![CDATA[CsatPage.html]]>
              </value>
            </param>
          </params>
          <reporter-output>
          </reporter-output>
        </test-method> <!-- setup -->
        <test-method signature="addNewSurvey_Test()[pri:1, instance:CSAT_Survey_Module.CSAT_AddNewSurveyTest@74960bfa]" started-at="2025-07-24T17:04:01 IST" name="addNewSurvey_Test" finished-at="2025-07-24T17:09:53 IST" duration-ms="352397" status="PASS">
          <reporter-output>
          </reporter-output>
        </test-method> <!-- addNewSurvey_Test -->
        <test-method signature="updateExistingSurvey_Test()[pri:2, instance:CSAT_Survey_Module.CSAT_AddNewSurveyTest@74960bfa]" started-at="2025-07-24T17:09:53 IST" name="updateExistingSurvey_Test" finished-at="2025-07-24T17:10:59 IST" duration-ms="65988" status="PASS">
          <reporter-output>
          </reporter-output>
        </test-method> <!-- updateExistingSurvey_Test -->
        <test-method signature="deleteExistingSurvey_Test()[pri:3, instance:CSAT_Survey_Module.CSAT_AddNewSurveyTest@74960bfa]" started-at="2025-07-24T17:10:59 IST" name="deleteExistingSurvey_Test" finished-at="2025-07-24T17:11:06 IST" duration-ms="6846" status="PASS">
          <reporter-output>
          </reporter-output>
        </test-method> <!-- deleteExistingSurvey_Test -->
        <test-method is-config="true" signature="tearDown()[pri:0, instance:CSAT_Survey_Module.CSAT_AddNewSurveyTest@74960bfa]" started-at="2025-07-24T17:11:06 IST" name="tearDown" description="Quit Browser" finished-at="2025-07-24T17:11:07 IST" duration-ms="265" status="PASS">
          <reporter-output>
          </reporter-output>
        </test-method> <!-- tearDown -->
      </class> <!-- CSAT_Survey_Module.CSAT_AddNewSurveyTest -->
    </test> <!-- Default test -->
  </suite> <!-- Default suite -->
</testng-results>
