<?xml version="1.0" encoding="UTF-8"?>
<!-- Generated by org.testng.reporters.JUnitXMLReporter -->
<testsuite ignored="2" hostname="ITCRLPT475" failures="0" tests="6" name="LandDPage_Test" time="1558.324" errors="0" timestamp="2025-11-24T11:54:44 IST">
  <testcase classname="L_And_D_Project.LAndD_Page_UI_Test" name="l_and_d_PageNavigation_Test" time="78.854"/>
  <testcase classname="L_And_D_Project.LAndD_Page_UI_Test" name="homePageTest" time="131.344"/>
  <testcase classname="L_And_D_Project.LAndD_Page_UI_Test" name="l_and_d_Footer" time="53.611"/>
  <testcase classname="L_And_D_Project.LAndD_Courses_Test" name="l_and_d_MyCourses" time="178.801"/>
  <testcase classname="L_And_D_Project.LAndD_Courses_Test" name="l_and_d_AdminPageTest" time="1044.645"/>
  <testcase classname="L_And_D_Project.LAndD_Courses_Test" name="l_and_d_CreateAssessment_Test" time="41.55"/>
  <testcase classname="BaseClasses.L_And_D_TestInitializer" name="@AfterTest tearDown" time="0.0">
    <ignored/>
  </testcase> <!-- @AfterTest tearDown -->
  <testcase classname="BaseClasses.L_And_D_TestInitializer" name="@BeforeTest setup" time="0.0">
    <ignored/>
  </testcase> <!-- @BeforeTest setup -->
</testsuite> <!-- LandDPage_Test -->
