<?xml version="1.0" encoding="UTF-8"?>
<!-- Generated by org.testng.reporters.JUnitXMLReporter -->
<testsuite ignored="2" hostname="ITCRLPT475" failures="0" tests="6" name="LandDPage_Test" time="622.113" errors="0" timestamp="2025-08-25T10:44:05 IST">
  <testcase classname="L_And_D_Project.LAndD_Page_UI_Test" name="l_and_d_PageNavigation_Test" time="76.102"/>
  <testcase classname="L_And_D_Project.LAndD_Page_UI_Test" name="homePageTest" time="124.668"/>
  <testcase classname="L_And_D_Project.LAndD_Page_UI_Test" name="l_and_d_Footer" time="27.984"/>
  <testcase classname="L_And_D_Project.LAndD_Courses_Test" name="l_and_d_MyCourses" time="172.616"/>
  <testcase classname="L_And_D_Project.LAndD_Courses_Test" name="l_and_d_AdminPageTest" time="87.97"/>
  <testcase classname="L_And_D_Project.LAndD_Courses_Test" name="l_and_d_CreateAssessment_Test" time="42.755"/>
  <testcase classname="BaseClasses.L_And_D_TestInitializer" name="@AfterTest tearDown" time="0.0">
    <ignored/>
  </testcase> <!-- @AfterTest tearDown -->
  <testcase classname="BaseClasses.L_And_D_TestInitializer" name="@BeforeTest setup" time="0.0">
    <ignored/>
  </testcase> <!-- @BeforeTest setup -->
</testsuite> <!-- LandDPage_Test -->
