<?xml version="1.0" encoding="UTF-8"?>
<!-- Generated by org.testng.reporters.JUnitReportReporter -->
<testsuite hostname="ITCRLPT475" failures="0" tests="1" name="CSAT_ReportsAndSettings_Module.CSAT_Settings_OrgMembersTest" time="128.474" errors="0" timestamp="2025-07-29T10:31:08 IST" skipped="0">
  <testcase classname="CSAT_ReportsAndSettings_Module.CSAT_Settings_OrgMembersTest" name="orgMemebersTest" time="128.474"/>
</testsuite> <!-- CSAT_ReportsAndSettings_Module.CSAT_Settings_OrgMembersTest -->
