<?xml version="1.0" encoding="UTF-8"?>
<!-- Generated by org.testng.reporters.JUnitReportReporter -->
<testsuite hostname="ITCRLPT475" failures="0" tests="3" name="IntelliServe_Project.IntelliServe_Page_UI_Test" time="247.537" errors="0" timestamp="2025-12-09T09:23:27 IST" skipped="1">
  <testcase classname="IntelliServe_Project.IntelliServe_Page_UI_Test" name="IntelliServe__UI_Test" time="13.157"/>
  <testcase classname="IntelliServe_Project.IntelliServe_Page_UI_Test" name="verifyRoleBasedPages" time="234.380"/>
  <testcase classname="IntelliServe_Project.IntelliServe_Page_UI_Test" name="IntelliServe__Signout_Test">
    <skipped/>
  </testcase> <!-- IntelliServe__Signout_Test -->
</testsuite> <!-- IntelliServe_Project.IntelliServe_Page_UI_Test -->
