<?xml version="1.0" encoding="UTF-8"?>
<!-- Generated by org.testng.reporters.JUnitReportReporter -->
<testsuite hostname="ITCRLPT475" failures="0" tests="2" name="CSAT_Survey_Module.CSAT_ClientModuleTest" time="537.388" errors="0" timestamp="2025-08-22T10:42:30 IST" skipped="0">
  <testcase classname="CSAT_Survey_Module.CSAT_ClientModuleTest" name="clients_module" time="187.102"/>
  <testcase classname="CSAT_Survey_Module.CSAT_ClientModuleTest" name="sendSurveyTo_Client" time="350.286"/>
</testsuite> <!-- CSAT_Survey_Module.CSAT_ClientModuleTest -->
