<?xml version="1.0" encoding="UTF-8"?>
<!-- Generated by org.testng.reporters.JUnitReportReporter -->
<testsuite hostname="ITCRLPT475" failures="0" tests="1" name="CSAT_ReportsAndSettings_Module.CSAT_Settings_OrgMembers_Test" time="56.561" errors="0" timestamp="2025-07-28T15:09:21 IST" skipped="0">
  <testcase classname="CSAT_ReportsAndSettings_Module.CSAT_Settings_OrgMembers_Test" name="orgMemebersTest" time="56.561"/>
</testsuite> <!-- CSAT_ReportsAndSettings_Module.CSAT_Settings_OrgMembers_Test -->
