<?xml version="1.0" encoding="UTF-8"?>
<!-- Generated by org.testng.reporters.JUnitReportReporter -->
<testsuite hostname="ITCRLPT475" failures="0" tests="3" name="L_And_D_Project.LAndD_Page_UI_Test" time="263.036" errors="0" timestamp="2025-11-25T12:35:47 IST" skipped="0">
  <testcase classname="L_And_D_Project.LAndD_Page_UI_Test" name="l_and_d_PageNavigation_Test" time="73.697"/>
  <testcase classname="L_And_D_Project.LAndD_Page_UI_Test" name="homePageTest" time="136.886"/>
  <testcase classname="L_And_D_Project.LAndD_Page_UI_Test" name="l_and_d_Footer" time="52.453"/>
</testsuite> <!-- L_And_D_Project.LAndD_Page_UI_Test -->
