<?xml version="1.0" encoding="UTF-8"?>
<!-- Generated by org.testng.reporters.JUnitReportReporter -->
<testsuite hostname="ITCRLPT475" failures="0" tests="3" name="L_And_D_Project.LAndD_Courses_Test" time="131.360" errors="0" timestamp="2025-08-20T18:29:15 IST" skipped="1">
  <testcase classname="L_And_D_Project.LAndD_Courses_Test" name="l_and_d_AdminPageTest" time="108.785"/>
  <testcase classname="L_And_D_Project.LAndD_Courses_Test" name="l_and_d_CreateAssessment_Test" time="22.575"/>
  <testcase classname="L_And_D_Project.LAndD_Courses_Test" name="l_and_d_MyCourses">
    <skipped/>
  </testcase> <!-- l_and_d_MyCourses -->
</testsuite> <!-- L_And_D_Project.LAndD_Courses_Test -->
