<?xml version="1.0" encoding="UTF-8"?>
<!-- Generated by org.testng.reporters.JUnitReportReporter -->
<testsuite hostname="ITCRLPT475" failures="0" tests="2" name="CSAT_Survey_Module.CSAT_ClientModuleTest" time="273.536" errors="0" timestamp="2025-08-28T16:48:00 IST" skipped="0">
  <testcase classname="CSAT_Survey_Module.CSAT_ClientModuleTest" name="clients_module" time="127.570"/>
  <testcase classname="CSAT_Survey_Module.CSAT_ClientModuleTest" name="sendSurveyTo_Client" time="145.966"/>
</testsuite> <!-- CSAT_Survey_Module.CSAT_ClientModuleTest -->
