<?xml version="1.0" encoding="UTF-8"?>
<!-- Generated by org.testng.reporters.JUnitReportReporter -->
<testsuite hostname="ITCRLPT475" failures="0" tests="3" name="CSAT_Survey_Module.CSAT_AddNewSurveyTest" time="746.047" errors="0" timestamp="2025-07-29T10:49:34 IST" skipped="0">
  <testcase classname="CSAT_Survey_Module.CSAT_AddNewSurveyTest" name="addNewSurvey_Test" time="366.718"/>
  <testcase classname="CSAT_Survey_Module.CSAT_AddNewSurveyTest" name="updateExistingSurvey_Test" time="358.062"/>
  <testcase classname="CSAT_Survey_Module.CSAT_AddNewSurveyTest" name="deleteExistingSurvey_Test" time="21.267"/>
</testsuite> <!-- CSAT_Survey_Module.CSAT_AddNewSurveyTest -->
