<?xml version="1.0" encoding="UTF-8"?>
<!-- Generated by org.testng.reporters.JUnitReportReporter -->
<testsuite hostname="ITCRLPT475" failures="0" tests="3" name="CSAT_Survey_Module.CSAT_AddNewSurveyTest" time="967.424" errors="0" timestamp="2025-08-25T09:43:58 IST" skipped="0">
  <testcase classname="CSAT_Survey_Module.CSAT_AddNewSurveyTest" name="addNewSurvey_Test" time="408.584"/>
  <testcase classname="CSAT_Survey_Module.CSAT_AddNewSurveyTest" name="updateExistingSurvey_Test" time="537.044"/>
  <testcase classname="CSAT_Survey_Module.CSAT_AddNewSurveyTest" name="deleteExistingSurvey_Test" time="21.796"/>
</testsuite> <!-- CSAT_Survey_Module.CSAT_AddNewSurveyTest -->
