<?xml version="1.0" encoding="UTF-8"?>
<!-- Generated by org.testng.reporters.JUnitReportReporter -->
<testsuite hostname="ITCRLPT475" failures="0" tests="4" name="IntelliServe_Project.IntelliServe_CreateTicket_Test" time="185.087" errors="0" timestamp="2025-12-09T09:23:27 IST" skipped="0">
  <testcase classname="IntelliServe_Project.IntelliServe_CreateTicket_Test" name="validatingCreateTicketFieldsTest" time="48.629"/>
  <testcase classname="IntelliServe_Project.IntelliServe_CreateTicket_Test" name="validatingCreateTicketByApproverOrMemberFieldsTest" time="58.819"/>
  <testcase classname="IntelliServe_Project.IntelliServe_CreateTicket_Test" name="createTicketByApproverOrMemberTest" time="24.923"/>
  <testcase classname="IntelliServe_Project.IntelliServe_CreateTicket_Test" name="createTicketWithMultipleFilesTest" time="52.716"/>
</testsuite> <!-- IntelliServe_Project.IntelliServe_CreateTicket_Test -->
