<?xml version="1.0" encoding="UTF-8"?>
<!-- Generated by org.testng.reporters.JUnitReportReporter -->
<testsuite hostname="ITCRLPT475" failures="0" tests="3" name="L_And_D_Project.LAndD_Page_UI_Test" time="160.386" errors="0" timestamp="2025-08-19T15:46:06 IST" skipped="0">
  <testcase classname="L_And_D_Project.LAndD_Page_UI_Test" name="l_and_d_PageNavigation_Test" time="64.204"/>
  <testcase classname="L_And_D_Project.LAndD_Page_UI_Test" name="homePageTest" time="69.160"/>
  <testcase classname="L_And_D_Project.LAndD_Page_UI_Test" name="l_and_d_Footer" time="27.022"/>
</testsuite> <!-- L_And_D_Project.LAndD_Page_UI_Test -->
