<?xml version="1.0" encoding="UTF-8"?>
<!-- Generated by org.testng.reporters.JUnitReportReporter -->
<testsuite hostname="ITCRLPT475" failures="0" tests="4" name="IntelliServe_Project.IntelliServe_CreateTicket_Test" time="232.170" errors="0" timestamp="2025-12-02T18:29:08 IST" skipped="0">
  <testcase classname="IntelliServe_Project.IntelliServe_CreateTicket_Test" name="validatingCreateTicketFieldsTest" time="49.773"/>
  <testcase classname="IntelliServe_Project.IntelliServe_CreateTicket_Test" name="validatingCreateTicketByApproverOrMemberFieldsTest" time="69.305"/>
  <testcase classname="IntelliServe_Project.IntelliServe_CreateTicket_Test" name="createTicketByApproverOrMemberTest" time="33.159"/>
  <testcase classname="IntelliServe_Project.IntelliServe_CreateTicket_Test" name="createTicketWithMultipleFilesTest" time="79.933"/>
</testsuite> <!-- IntelliServe_Project.IntelliServe_CreateTicket_Test -->
