<?xml version="1.0" encoding="UTF-8"?>
<!-- Generated by org.testng.reporters.JUnitReportReporter -->
<testsuite hostname="ITCRLPT475" failures="0" tests="2" name="IntelliServe_Project.IntelliServe_Approver_MemberTest" time="230.193" errors="0" timestamp="2025-11-27T18:27:23 IST" skipped="0">
  <testcase classname="IntelliServe_Project.IntelliServe_Approver_MemberTest" name="approver_Role_Test" time="165.093"/>
  <testcase classname="IntelliServe_Project.IntelliServe_Approver_MemberTest" name="member_Role_Test" time="65.100"/>
</testsuite> <!-- IntelliServe_Project.IntelliServe_Approver_MemberTest -->
