<?xml version="1.0" encoding="UTF-8"?>
<!-- Generated by org.testng.reporters.JUnitReportReporter -->
<testsuite hostname="ITCRLPT475" failures="0" tests="2" name="IntelliServe_Project.IntelliServe_ApproverTest" time="220.382" errors="0" timestamp="2025-10-01T14:01:50 IST" skipped="0">
  <testcase classname="IntelliServe_Project.IntelliServe_ApproverTest" name="approver_Role_Test" time="156.198"/>
  <testcase classname="IntelliServe_Project.IntelliServe_ApproverTest" name="member_Role_Test" time="64.184"/>
</testsuite> <!-- IntelliServe_Project.IntelliServe_ApproverTest -->
