<?xml version="1.0" encoding="UTF-8"?>
<!-- Generated by org.testng.reporters.JUnitReportReporter -->
<testsuite hostname="ITCRLPT475" failures="0" tests="1" name="CSAT_ReportsAndSettings_Module.CSAT_Settings_OrgMembersTest" time="63.576" errors="0" timestamp="2025-07-29T15:22:55 IST" skipped="0">
  <testcase classname="CSAT_ReportsAndSettings_Module.CSAT_Settings_OrgMembersTest" name="orgMemebersTest" time="63.576"/>
</testsuite> <!-- CSAT_ReportsAndSettings_Module.CSAT_Settings_OrgMembersTest -->
