<?xml version="1.0" encoding="UTF-8"?>
<!-- Generated by org.testng.reporters.JUnitReportReporter -->
<testsuite hostname="ITCRLPT475" failures="0" tests="3" name="L_And_D_Project.LAndD_Courses_Test" time="315.551" errors="0" timestamp="2025-08-28T11:37:53 IST" skipped="0">
  <testcase classname="L_And_D_Project.LAndD_Courses_Test" name="l_and_d_MyCourses" time="177.507"/>
  <testcase classname="L_And_D_Project.LAndD_Courses_Test" name="l_and_d_AdminPageTest" time="87.745"/>
  <testcase classname="L_And_D_Project.LAndD_Courses_Test" name="l_and_d_CreateAssessment_Test" time="50.299"/>
</testsuite> <!-- L_And_D_Project.LAndD_Courses_Test -->
