<?xml version="1.0" encoding="UTF-8"?>
<!-- Generated by org.testng.reporters.JUnitReportReporter -->
<testsuite hostname="ITCRLPT475" failures="0" tests="2" name="IntelliServe_Project.IntelliServe_Approver_MemberTest" time="234.080" errors="0" timestamp="2025-12-09T09:23:27 IST" skipped="0">
  <testcase classname="IntelliServe_Project.IntelliServe_Approver_MemberTest" name="approver_Role_Test" time="169.322"/>
  <testcase classname="IntelliServe_Project.IntelliServe_Approver_MemberTest" name="member_Role_Test" time="64.758"/>
</testsuite> <!-- IntelliServe_Project.IntelliServe_Approver_MemberTest -->
