<?xml version="1.0" encoding="UTF-8"?>
<!-- Generated by org.testng.reporters.JUnitReportReporter -->
<testsuite hostname="ITCRLPT475" failures="0" tests="2" name="IntelliServe_Project.IntelliServe_Approver_MemeberTest" time="207.770" errors="0" timestamp="2025-10-01T15:43:32 IST" skipped="0">
  <testcase classname="IntelliServe_Project.IntelliServe_Approver_MemeberTest" name="approver_Role_Test" time="151.625"/>
  <testcase classname="IntelliServe_Project.IntelliServe_Approver_MemeberTest" name="member_Role_Test" time="56.145"/>
</testsuite> <!-- IntelliServe_Project.IntelliServe_Approver_MemeberTest -->
